Log file open, 10/19/18 14:32:00
LogWindows: Failed to load 'aqProf.dll' (GetLastError=126)
LogWindows: File 'aqProf.dll' does not exist
LogWindows: Failed to load 'VSPerf140.dll' (GetLastError=126)
LogWindows: File 'VSPerf140.dll' does not exist
LogWindows: Failed to load 'VtuneApi.dll' (GetLastError=126)
LogWindows: File 'VtuneApi.dll' does not exist
LogWindows: Failed to load 'VtuneApi32e.dll' (GetLastError=126)
LogWindows: File 'VtuneApi32e.dll' does not exist
LogInit: Display: Running engine for game: Ninja
LogPlatformFile: Not using cached read wrapper
LogTaskGraph: Started task graph with 5 named threads and 23 total threads with 3 sets of task threads.
LogStats: Stats thread started at 0.261074
LogD3D11RHI: Loaded GFSDK_Aftermath_Lib.x64.dll
LogICUInternationalization: Display: ICU TimeZone Detection - Raw Offset: +1:00, Platform Override: ''
LogPluginManager: Mounting plugin Paper2D
LogPluginManager: Mounting plugin AISupport
LogPluginManager: Mounting plugin LightPropagationVolume
LogPluginManager: Mounting plugin CLionSourceCodeAccess
LogPluginManager: Mounting plugin CodeLiteSourceCodeAccess
LogPluginManager: Mounting plugin GitSourceControl
LogPluginManager: Mounting plugin KDevelopSourceCodeAccess
LogPluginManager: Mounting plugin NullSourceCodeAccess
LogPluginManager: Mounting plugin PerforceSourceControl
LogPluginManager: Mounting plugin SubversionSourceControl
LogPluginManager: Mounting plugin UObjectPlugin
LogPluginManager: Mounting plugin VisualStudioCodeSourceCodeAccess
LogPluginManager: Mounting plugin VisualStudioSourceCodeAccess
LogPluginManager: Mounting plugin XCodeSourceCodeAccess
LogPluginManager: Mounting plugin AssetManagerEditor
LogPluginManager: Mounting plugin CryptoKeys
LogPluginManager: Mounting plugin DataValidation
LogPluginManager: Mounting plugin FacialAnimation
LogPluginManager: Mounting plugin GameplayTagsEditor
LogPluginManager: Mounting plugin MacGraphicsSwitching
LogPluginManager: Mounting plugin MeshEditor
LogPluginManager: Mounting plugin MobileLauncherProfileWizard
LogPluginManager: Mounting plugin PluginBrowser
LogPluginManager: Mounting plugin SpeedTreeImporter
LogPluginManager: Mounting plugin DatasmithContent
LogPluginManager: Mounting plugin AlembicImporter
LogPluginManager: Mounting plugin AppleImageUtils
LogPluginManager: Mounting plugin AppleVision
LogPluginManager: Mounting plugin BackChannel
LogPluginManager: Mounting plugin CharacterAI
LogPluginManager: Mounting plugin GeometryCache
LogPluginManager: Mounting plugin HTML5Networking
LogPluginManager: Mounting plugin ProxyLODPlugin
LogPluginManager: Mounting plugin MagicLeap
LogPluginManager: Mounting plugin MagicLeapEmulator
LogPluginManager: Mounting plugin MagicLeapMedia
LogPluginManager: Mounting plugin AndroidMedia
LogPluginManager: Mounting plugin AvfMedia
LogPluginManager: Mounting plugin ImgMedia
LogPluginManager: Mounting plugin LinearTimecode
LogPluginManager: Mounting plugin MediaCompositing
LogPluginManager: Mounting plugin MediaPlayerEditor
LogPluginManager: Mounting plugin WmfMedia
LogPluginManager: Mounting plugin TcpMessaging
LogPluginManager: Mounting plugin UdpMessaging
LogPluginManager: Mounting plugin ActorSequence
LogPluginManager: Mounting plugin LevelSequenceEditor
LogPluginManager: Mounting plugin MatineeToLevelSequence
LogPluginManager: Mounting plugin NetcodeUnitTest
LogPluginManager: Mounting plugin NUTUnrealEngine4
LogPluginManager: Mounting plugin OnlineSubsystemGooglePlay
LogPluginManager: Mounting plugin OnlineSubsystemIOS
LogPluginManager: Mounting plugin OnlineSubsystem
LogPluginManager: Mounting plugin OnlineSubsystemNull
LogPluginManager: Mounting plugin OnlineSubsystemUtils
LogPluginManager: Mounting plugin LauncherChunkInstaller
LogPluginManager: Mounting plugin AndroidDeviceProfileSelector
LogPluginManager: Mounting plugin AndroidMoviePlayer
LogPluginManager: Mounting plugin AndroidPermission
LogPluginManager: Mounting plugin AppleMoviePlayer
LogPluginManager: Mounting plugin ArchVisCharacter
LogPluginManager: Mounting plugin AudioCapture
LogPluginManager: Mounting plugin CableComponent
LogPluginManager: Mounting plugin CustomMeshComponent
LogPluginManager: Mounting plugin EditableMesh
LogPluginManager: Mounting plugin ExampleDeviceProfileSelector
LogPluginManager: Mounting plugin GoogleCloudMessaging
LogPluginManager: Mounting plugin ImmediatePhysics
LogPluginManager: Mounting plugin IOSDeviceProfileSelector
LogPluginManager: Mounting plugin LinuxDeviceProfileSelector
LogPluginManager: Mounting plugin LocationServicesBPLibrary
LogPluginManager: Mounting plugin MobilePatchingUtils
LogPluginManager: Mounting plugin OculusVR
LogPluginManager: Plugin shader directory ../../../Engine/Plugins/Runtime/Oculus/OculusVR/Shaders found
LogPluginManager: Mapping shader source directory ../../../Engine/Plugins/Runtime/Oculus/OculusVR/Shaders to virtual directory /Plugin/OculusVR
LogPluginManager: Mounting plugin PhysXVehicles
LogPluginManager: Mounting plugin ProceduralMeshComponent
LogPluginManager: Mounting plugin RuntimePhysXCooking
LogPluginManager: Mounting plugin SteamVR
LogPluginManager: Mounting plugin WindowsMoviePlayer
LogStreaming: Display: Took  0.061s to configure plugins.
LogInit: Using libcurl 7.55.1-DEV
LogInit:  - built for x86_64-pc-win32
LogInit:  - supports SSL with OpenSSL/1.0.2h
LogInit:  - supports HTTP deflate (compression) using libz 1.2.8
LogInit:  - other features:
LogInit:      CURL_VERSION_SSL
LogInit:      CURL_VERSION_LIBZ
LogInit:      CURL_VERSION_IPV6
LogInit:      CURL_VERSION_ASYNCHDNS
LogInit:      CURL_VERSION_LARGEFILE
LogInit:      CURL_VERSION_IDN
LogInit:  CurlRequestOptions (configurable via config and command line):
LogInit:  - bVerifyPeer = false  - Libcurl will NOT verify peer certificate
LogInit:  - bUseHttpProxy = false  - Libcurl will NOT use HTTP proxy
LogInit:  - bDontReuseConnections = false  - Libcurl will reuse connections
LogInit:  - CertBundlePath = nullptr  - Libcurl will use whatever was configured at build time.
LogInit:  - MaxHostConnections = 16  - Libcurl will limit the number of connections to a host
LogInit:  - LocalHostAddr = Default
LogInit:  - BufferSize = 65536
LogInit: WinSock: version 1.1 (2.2), MaxSocks=32767, MaxUdp=65467
LogInit: Build: ++UE4+Release-4.20-CL-4369336
LogInit: Engine Version: 4.20.3-4369336+++UE4+Release-4.20
LogInit: Compatible Engine Version: 4.20.0-4212847+++UE4+Release-4.20
LogInit: Net CL: 4212847
LogInit: OS: Windows 7 (Service Pack 1), CPU:        Intel(R) Core(TM) i7-2700K CPU @ 3.50GHz, GPU: NVIDIA GeForce GT 740
LogInit: Compiled (64-bit): Sep 17 2018 12:26:19
LogInit: Compiled with Visual C++: 19.13.26129.00
LogInit: Build Configuration: Development
LogInit: Branch Name: ++UE4+Release-4.20
LogInit: Command Line: -EpicPortal  -epicusername="nikovitchi" -epicuserid=5d025e8c7691419d87b3ac2930e9a102 -epiclocale=fr-FR
LogInit: Base Directory: D:/UE4 4,20/UE_4.20/Engine/Binaries/Win64/
LogInit: Installed Engine Build: 1
LogDevObjectVersion: Number of dev versions registered: 20
LogDevObjectVersion:   Dev-Blueprints (B0D832E4-1F89-4F0D-ACCF-7EB736FD4AA2): 10
LogDevObjectVersion:   Dev-Build (E1C64328-A22C-4D53-A36C-8E866417BD8C): 0
LogDevObjectVersion:   Dev-Core (375EC13C-06E4-48FB-B500-84F0262A717E): 2
LogDevObjectVersion:   Dev-Editor (E4B068ED-F494-42E9-A231-DA0B2E46BB41): 24
LogDevObjectVersion:   Dev-Framework (CFFC743F-43B0-4480-9391-14DF171D2073): 34
LogDevObjectVersion:   Dev-Mobile (B02B49B5-BB20-44E9-A304-32B752E40360): 2
LogDevObjectVersion:   Dev-Networking (A4E4105C-59A1-49B5-A7C5-40C4547EDFEE): 0
LogDevObjectVersion:   Dev-Online (39C831C9-5AE6-47DC-9A44-9C173E1C8E7C): 0
LogDevObjectVersion:   Dev-Physics (78F01B33-EBEA-4F98-B9B4-84EACCB95AA2): 0
LogDevObjectVersion:   Dev-Platform (6631380F-2D4D-43E0-8009-CF276956A95A): 0
LogDevObjectVersion:   Dev-Rendering (12F88B9F-8875-4AFC-A67C-D90C383ABD29): 26
LogDevObjectVersion:   Dev-Sequencer (7B5AE74C-D270-4C10-A958-57980B212A5A): 9
LogDevObjectVersion:   Dev-VR (D7296918-1DD6-4BDD-9DE2-64A83CC13884): 2
LogDevObjectVersion:   Dev-LoadTimes (C2A15278-BFE7-4AFE-6C17-90FF531DF755): 1
LogDevObjectVersion:   Private-Geometry (6EACA3D4-40EC-4CC1-B786-8BED09428FC5): 3
LogDevObjectVersion:   Dev-AnimPhys (29E575DD-E0A3-4627-9D10-D276232CDCEA): 17
LogDevObjectVersion:   Dev-ReflectionCapture (6B266CEC-1EC7-4B8F-A30B-E4D90942FC07): 1
LogDevObjectVersion:   Dev-Automation (0DF73D61-A23F-47EA-B727-89E90C41499A): 1
LogDevObjectVersion:   FortniteMain (601D1886-AC64-4F84-AA16-D3DE0DEAC7D6): 12
LogDevObjectVersion:   Dev-Enterprise (9DFFBCD6-494F-0158-E221-12823C92A888): 1
LogStreaming: Display: Took  0.000s to delete old logs.
LogInit: Presizing for max 8388607 objects, including 0 objects not considered by GC, pre-allocating 0 bytes for permanent pool.
LogInit: Object subsystem initialized
[2018.10.19-13.32.00:554][  0]LogInit: Selected Device Profile: [Windows]
[2018.10.19-13.32.00:554][  0]LogInit: Applying CVar settings loaded from the selected device profile: [Windows]
[2018.10.19-13.32.00:561][  0]LogHAL: Display: Platform has ~ 12 GB [12753522688 / 17179869184 / 12], which maps to Larger [LargestMinGB=32, LargerMinGB=12, DefaultMinGB=8, SmallerMinGB=6, SmallestMinGB=0)
[2018.10.19-13.32.00:561][  0]LogInit: Setting Device Profile CVar: [[r.Vulkan.UseRealUBs:1]]
[2018.10.19-13.32.00:561][  0]LogInit: Going up to parent DeviceProfile []
[2018.10.19-13.32.00:561][  0]LogInit: Computer: UCEF-PC
[2018.10.19-13.32.00:561][  0]LogInit: User: Ucef
[2018.10.19-13.32.00:561][  0]LogInit: CPU Page size=4096, Cores=4
[2018.10.19-13.32.00:561][  0]LogInit: High frequency timer resolution =3.410253 MHz
[2018.10.19-13.32.00:561][  0]LogMemory: Memory total: Physical=11.9GB (12GB approx)
[2018.10.19-13.32.00:561][  0]LogMemory: Platform Memory Stats for Windows
[2018.10.19-13.32.00:561][  0]LogMemory: Process Physical Memory: 101.19 MB used, 101.19 MB peak
[2018.10.19-13.32.00:561][  0]LogMemory: Process Virtual Memory: 94.32 MB used, 94.32 MB peak
[2018.10.19-13.32.00:562][  0]LogMemory: Physical Memory: 5395.45 MB used,  6767.26 MB free, 12162.71 MB total
[2018.10.19-13.32.00:562][  0]LogMemory: Virtual Memory: 495.07 MB used,  6767.26 MB free, 8388608.00 MB total
[2018.10.19-13.32.00:585][  0]LogInit: Using OS detected language (fr-FR).
[2018.10.19-13.32.00:585][  0]LogInit: Using OS detected locale (fr-FR).
[2018.10.19-13.32.00:586][  0]LogTextLocalizationManager: No specific localization for 'fr-FR' exists, so the 'fr' localization will be used.
[2018.10.19-13.32.00:587][  0]LogStreaming: Display: Took  0.002s to InitEngineTextLocalization.
[2018.10.19-13.32.00:587][  0]LogWindows: Failed to load 'shcore.dll' (GetLastError=126)
[2018.10.19-13.32.00:587][  0]LogWindows: File 'shcore.dll' does not exist
[2018.10.19-13.32.00:587][  0]LogInit: Setting process to DPI aware
[2018.10.19-13.32.00:612][  0]LogSlate: New Slate User Created.  User Index 0, Is Virtual User: 0
[2018.10.19-13.32.00:612][  0]LogSlate: Slate User Registered.  User Index 0, Is Virtual User: 0
[2018.10.19-13.32.00:787][  0]LogHMD: Failed to initialize OpenVR with code 110
[2018.10.19-13.32.00:787][  0]LogD3D11RHI: D3D11 adapters:
[2018.10.19-13.32.00:809][  0]LogD3D11RHI:    0. 'NVIDIA GeForce GT 740' (Feature Level 11_0)
[2018.10.19-13.32.00:809][  0]LogD3D11RHI:       1990/0/5825 MB DedicatedVideo/DedicatedSystem/SharedSystem, Outputs:2, VendorId:0x10de
[2018.10.19-13.32.00:809][  0]LogD3D11RHI: Chosen D3D11 Adapter: 0
[2018.10.19-13.32.00:814][  0]LogD3D11RHI: Creating new Direct3DDevice
[2018.10.19-13.32.00:814][  0]LogD3D11RHI:     GPU DeviceId: 0xfc8 (for the marketing name, search the web for "GPU Device Id")
[2018.10.19-13.32.00:814][  0]LogWindows: EnumDisplayDevices:
[2018.10.19-13.32.00:814][  0]LogWindows:    0. 'NVIDIA GeForce GT 740' (P:1 D:1)
[2018.10.19-13.32.00:814][  0]LogWindows:    1. 'NVIDIA GeForce GT 740' (P:0 D:1)
[2018.10.19-13.32.00:815][  0]LogWindows:    2. 'NVIDIA GeForce GT 740' (P:0 D:0)
[2018.10.19-13.32.00:815][  0]LogWindows:    3. 'NVIDIA GeForce GT 740' (P:0 D:0)
[2018.10.19-13.32.00:815][  0]LogWindows:    4. 'RDPDD Chained DD' (P:0 D:0)
[2018.10.19-13.32.00:815][  0]LogWindows:    5. 'RDP Encoder Mirror Driver' (P:0 D:0)
[2018.10.19-13.32.00:815][  0]LogWindows:    6. 'RDP Reflector Display Driver' (P:0 D:0)
[2018.10.19-13.32.00:815][  0]LogWindows: DebugString: GetVideoDriverDetailsInvalid PrimaryIsNotTheChoosenAdapter GetVideoDriverDetailsInvalid PrimaryIsNotTheChoosenAdapter GetVideoDriverDetailsInvalid PrimaryIsNotTheChoosenAdapter FoundDriverCount:4 
[2018.10.19-13.32.00:815][  0]LogD3D11RHI:     Adapter Name: NVIDIA GeForce GT 740
[2018.10.19-13.32.00:815][  0]LogD3D11RHI:   Driver Version: 381.65 (internal:22.21.13.8165, unified:381.65)
[2018.10.19-13.32.00:815][  0]LogD3D11RHI:      Driver Date: 3-31-2017
[2018.10.19-13.32.00:815][  0]LogRHI: Texture pool is 1393 MB (70% of 1990 MB)
[2018.10.19-13.32.00:824][  0]LogD3D11RHI: Async texture creation enabled
[2018.10.19-13.32.00:839][  0]LogD3D11RHI: GPU Timing Frequency: 1000.000000 (Debug: 2 2)
[2018.10.19-13.32.00:840][  0]LogD3D11RHI: HDR output is supported on display 0 (NvId: 0x80061081).
[2018.10.19-13.32.00:840][  0]LogShaderCompilers: Guid format shader working directory is 0 characters bigger than the processId version (C:/Users/Ucef/Documents/Unreal Projects/Ninja/Intermediate/Shaders/WorkingDirectory/8564/).
[2018.10.19-13.32.00:840][  0]LogShaderCompilers: Cleaned the shader compiler working directory 'C:/Users/Ucef/AppData/Local/Temp/UnrealShaderWorkingDir/5DD6A6F84007802EBD949284EF1E4765/'.
[2018.10.19-13.32.01:081][  0]LogTemp: Display: Loaded TP AllDesktopTargetPlatform
[2018.10.19-13.32.01:097][  0]LogTemp: Display: Loaded TP MacClientTargetPlatform
[2018.10.19-13.32.01:116][  0]LogTemp: Display: Loaded TP MacNoEditorTargetPlatform
[2018.10.19-13.32.01:133][  0]LogTemp: Display: Loaded TP MacServerTargetPlatform
[2018.10.19-13.32.01:148][  0]LogTemp: Display: Loaded TP MacTargetPlatform
[2018.10.19-13.32.01:167][  0]LogTemp: Display: Loaded TP WindowsClientTargetPlatform
[2018.10.19-13.32.01:182][  0]LogTemp: Display: Loaded TP WindowsNoEditorTargetPlatform
[2018.10.19-13.32.01:197][  0]LogTemp: Display: Loaded TP WindowsServerTargetPlatform
[2018.10.19-13.32.01:204][  0]LogTemp: Display: Loaded TP WindowsTargetPlatform
[2018.10.19-13.32.01:297][  0]LogTemp: Display: Loaded TP AndroidTargetPlatform
[2018.10.19-13.32.01:297][  0]LogTemp: Display: Loaded TP AndroidTargetPlatform
[2018.10.19-13.32.01:297][  0]LogTemp: Display: Loaded TP AndroidTargetPlatform
[2018.10.19-13.32.01:297][  0]LogTemp: Display: Loaded TP AndroidTargetPlatform
[2018.10.19-13.32.01:297][  0]LogTemp: Display: Loaded TP AndroidTargetPlatform
[2018.10.19-13.32.01:297][  0]LogTemp: Display: Loaded TP AndroidTargetPlatform
[2018.10.19-13.32.01:297][  0]LogTemp: Display: Loaded TP AndroidTargetPlatform
[2018.10.19-13.32.01:297][  0]LogTemp: Display: Loaded TP AndroidTargetPlatform
[2018.10.19-13.32.01:297][  0]LogTemp: Display: Loaded TP AndroidTargetPlatform
[2018.10.19-13.32.01:297][  0]LogTemp: Display: Loaded TP AndroidTargetPlatform
[2018.10.19-13.32.01:297][  0]LogTemp: Display: Loaded TP AndroidTargetPlatform
[2018.10.19-13.32.01:297][  0]LogTemp: Display: Loaded TP AndroidTargetPlatform
[2018.10.19-13.32.01:297][  0]LogTemp: Display: Loaded TP AndroidTargetPlatform
[2018.10.19-13.32.01:297][  0]LogTemp: Display: Loaded TP AndroidTargetPlatform
[2018.10.19-13.32.01:297][  0]LogTemp: Display: Loaded TP AndroidTargetPlatform
[2018.10.19-13.32.01:297][  0]LogTemp: Display: Loaded TP AndroidTargetPlatform
[2018.10.19-13.32.01:297][  0]LogTemp: Display: Loaded TP AndroidTargetPlatform
[2018.10.19-13.32.01:297][  0]LogTemp: Display: Loaded TP AndroidTargetPlatform
[2018.10.19-13.32.01:298][  0]LogTemp: Display: Loaded TP HTML5TargetPlatform
[2018.10.19-13.32.01:360][  0]LogTemp: Display: Loaded TP IOSTargetPlatform
[2018.10.19-13.32.01:360][  0]LogTemp: Display: Loaded TP IOSTargetPlatform
[2018.10.19-13.32.01:388][  0]LogTemp: Display: Loaded TP TVOSTargetPlatform
[2018.10.19-13.32.01:388][  0]LogTemp: Display: Loaded TP TVOSTargetPlatform
[2018.10.19-13.32.01:401][  0]LogTemp: Display: Loaded TP LinuxClientTargetPlatform
[2018.10.19-13.32.01:414][  0]LogTemp: Display: Loaded TP LinuxNoEditorTargetPlatform
[2018.10.19-13.32.01:428][  0]LogTemp: Display: Loaded TP LinuxServerTargetPlatform
[2018.10.19-13.32.01:444][  0]LogTemp: Display: Loaded TP LinuxTargetPlatform
[2018.10.19-13.32.01:454][  0]LogTemp: Display: Loaded TP LuminTargetPlatform
[2018.10.19-13.32.01:454][  0]LogTargetPlatformManager: Display: Building Assets For Windows
[2018.10.19-13.32.01:497][  0]LogXGEController: Cannot use XGE Controller as Incredibuild is not installed on this machine.
[2018.10.19-13.32.01:497][  0]LogShaderCompilers: Cannot use XGE Shader Compiler as Incredibuild is not installed on this machine.
[2018.10.19-13.32.01:497][  0]LogShaderCompilers: Display: Using Local Shader Compiler.
[2018.10.19-13.32.02:365][  0]LogDerivedDataCache: Display: Max Cache Size: 512 MB
[2018.10.19-13.32.02:448][  0]LogDerivedDataCache: Loaded boot cache 0.08s 71MB C:/Users/Ucef/AppData/Local/UnrealEngine/4.20/DerivedDataCache/Boot.ddc.
[2018.10.19-13.32.02:448][  0]LogDerivedDataCache: Display: Loaded Boot cache: C:/Users/Ucef/AppData/Local/UnrealEngine/4.20/DerivedDataCache/Boot.ddc
[2018.10.19-13.32.02:448][  0]LogDerivedDataCache: FDerivedDataBackendGraph:  Pak pak cache file C:/Users/Ucef/Documents/Unreal Projects/Ninja/DerivedDataCache/DDC.ddp not found, will not use a pak cache.
[2018.10.19-13.32.02:448][  0]LogDerivedDataCache: Unable to find inner node Pak for hierarchical cache Hierarchy.
[2018.10.19-13.32.02:448][  0]LogDerivedDataCache: FDerivedDataBackendGraph:  CompressedPak pak cache file C:/Users/Ucef/Documents/Unreal Projects/Ninja/DerivedDataCache/Compressed.ddp not found, will not use a pak cache.
[2018.10.19-13.32.02:449][  0]LogDerivedDataCache: Unable to find inner node CompressedPak for hierarchical cache Hierarchy.
[2018.10.19-13.32.02:466][  0]LogDerivedDataCache: Display: Pak cache opened for reading ../../../Engine/DerivedDataCache/Compressed.ddp.
[2018.10.19-13.32.02:477][  0]LogDerivedDataCache: Using Local data cache path C:/Users/Ucef/AppData/Local/UnrealEngine/Common/DerivedDataCache: Writable
[2018.10.19-13.32.02:477][  0]LogDerivedDataCache: Shared data cache path not found in *engine.ini, will not use an Shared cache.
[2018.10.19-13.32.02:477][  0]LogDerivedDataCache: Unable to find inner node Shared for hierarchical cache Hierarchy.
[2018.10.19-13.32.02:499][  0]LogMaterial: Verifying Global Shaders for PCD3D_SM5
[2018.10.19-13.32.02:501][  0]LogSlate: Using FreeType 2.6.0
[2018.10.19-13.32.02:501][  0]LogSlate: SlateFontServices - WITH_FREETYPE: 1, WITH_HARFBUZZ: 1
[2018.10.19-13.32.02:575][  0]LogAssetRegistry: FAssetRegistry took 0.0251 seconds to start up
[2018.10.19-13.32.03:025][  0]LogInit: Selected Device Profile: [Windows]
[2018.10.19-13.32.03:182][  0]LogSimplygon: Simplygon DLL not present - disabling.
[2018.10.19-13.32.03:184][  0]LogMeshReduction: Using SimplygonSwarm for distributed automatic mesh merging
[2018.10.19-13.32.03:184][  0]LogMeshReduction: Using ProxyLODMeshReduction for automatic mesh merging
[2018.10.19-13.32.03:184][  0]LogMeshReduction: Using QuadricMeshReduction for automatic static mesh reduction
[2018.10.19-13.32.03:184][  0]LogMeshReduction: No automatic skeletal mesh reduction module available
[2018.10.19-13.32.03:202][  0]LogNetVersion: Ninja 1.0.0, NetCL: 4212847, EngineNetVer: 5, GameNetVer: 0 (Checksum: 2694960242)
[2018.10.19-13.32.03:788][  0]LogPackageLocalizationCache: Processed 11 localized package path(s) for 2 prioritized culture(s) in 0.111366 seconds
[2018.10.19-13.32.03:801][  0]LogUObjectArray: 38425 objects as part of root set at end of initial load.
[2018.10.19-13.32.03:801][  0]LogUObjectAllocator: 6690864 out of 0 bytes used by permanent object pool.
[2018.10.19-13.32.03:801][  0]LogUObjectArray: CloseDisregardForGC: 0/0 objects in disregard for GC pool
[2018.10.19-13.32.04:670][  0]LogTcpMessaging: Initializing TcpMessaging bridge
[2018.10.19-13.32.04:689][  0]LogUdpMessaging: Initializing bridge on interface 0.0.0.0:0 to multicast group 230.0.0.1:6666.
[2018.10.19-13.32.04:829][  0]SourceControl: Source control is disabled
[2018.10.19-13.32.04:829][  0]SourceControl: Source control is disabled
[2018.10.19-13.32.04:830][  0]SourceControl: Source control is disabled
[2018.10.19-13.32.04:830][  0]SourceControl: Source control is disabled
[2018.10.19-13.32.04:981][  0]LogAndroidPermission: UAndroidPermissionCallbackProxy::GetInstance
[2018.10.19-13.32.05:031][  0]LogOcInput: OculusInput pre-init called
[2018.10.19-13.32.05:094][  0]LogEngine: Initializing Engine...
[2018.10.19-13.32.05:098][  0]LogHMD: Failed to initialize OpenVR with code 110
[2018.10.19-13.32.05:099][  0]LogStats: UGameplayTagsManager::ConstructGameplayTagTree: ImportINI prefixes -  0.000 s
[2018.10.19-13.32.05:099][  0]LogStats: UGameplayTagsManager::ConstructGameplayTagTree: Construct from data asset -  0.000 s
[2018.10.19-13.32.05:099][  0]LogStats: UGameplayTagsManager::ConstructGameplayTagTree: ImportINI -  0.000 s
[2018.10.19-13.32.05:099][  0]LogStats: UGameplayTagsManager::ConstructGameplayTagTree: GameplayTagTreeChangedEvent.Broadcast -  0.000 s
[2018.10.19-13.32.05:374][  0]LogInit: Initializing FReadOnlyCVARCache
[2018.10.19-13.32.05:394][  0]LogAIModule: Creating AISystem for world Untitled
[2018.10.19-13.32.05:414][  0]LogInit: XAudio2 using 'Haut-parleurs (Périphérique High Definition Audio)' : 2 channels at 48 kHz using 32 bits per sample (channel mask 0x3)
[2018.10.19-13.32.05:421][  0]LogInit: FAudioDevice initialized.
[2018.10.19-13.32.05:421][  0]LogNetVersion: Set ProjectVersion to 1.0.0.0. Version Checksum will be recalculated on next use.
[2018.10.19-13.32.05:615][  0]LogDerivedDataCache: Saved boot cache 0.19s 71MB C:/Users/Ucef/AppData/Local/UnrealEngine/4.20/DerivedDataCache/Boot.ddc.
[2018.10.19-13.32.05:622][  0]LogInit: Texture streaming: Enabled
[2018.10.19-13.32.05:637][  0]LogEngineSessionManager: EngineSessionManager initialized
[2018.10.19-13.32.05:644][  0]LogInit: Transaction tracking system initialized
[2018.10.19-13.32.05:661][  0]BlueprintLog: New page: Editor Load
[2018.10.19-13.32.05:718][  0]LogInit: Warning: CVar named 'r.MobileHDR' marked up in RendererSettings was not found or is set to read-only
[2018.10.19-13.32.05:807][  0]LocalizationService: Localization service is disabled
[2018.10.19-13.32.06:091][  0]LogCook: Display: Max memory allowance for cook 16384mb min free memory 0mb
[2018.10.19-13.32.06:091][  0]LogCook: Display: Mobile HDR setting 1
[2018.10.19-13.32.06:091][  0]LogGameplayTags: Display: UGameplayTagsManager::DoneAddingNativeTags. DelegateIsBound: 0
[2018.10.19-13.32.06:091][  0]LogStats: UGameplayTagsManager::ConstructGameplayTagTree: ImportINI prefixes -  0.000 s
[2018.10.19-13.32.06:091][  0]LogStats: UGameplayTagsManager::ConstructGameplayTagTree: Construct from data asset -  0.000 s
[2018.10.19-13.32.06:091][  0]LogFileCache: Scanning file cache for directory 'C:/Users/Ucef/Documents/Unreal Projects/Ninja/Content/' took 0.01s
[2018.10.19-13.32.06:091][  0]LogStats: UGameplayTagsManager::ConstructGameplayTagTree: ImportINI -  0.000 s
[2018.10.19-13.32.06:091][  0]LogStats: UGameplayTagsManager::ConstructGameplayTagTree: GameplayTagTreeChangedEvent.Broadcast -  0.000 s
[2018.10.19-13.32.06:200][  0]SourceControl: Source control is disabled
[2018.10.19-13.32.06:201][  0]Cmd: MAP LOAD FILE="C:/Users/Ucef/Documents/Unreal Projects/Ninja/Content/2DSideScrollerBP/Maps/2DSideScrollerExampleMap.umap" TEMPLATE=0 SHOWPROGRESS=1 FEATURELEVEL=3
[2018.10.19-13.32.06:201][  0]LightingResults: New page: Lighting Build
[2018.10.19-13.32.06:203][  0]MapCheck: New page: Map Check
[2018.10.19-13.32.06:203][  0]LightingResults: New page: Lighting Build
[2018.10.19-13.32.06:441][  0]LogAIModule: Creating AISystem for world 2DSideScrollerExampleMap
[2018.10.19-13.32.06:446][  0]LogEditorServer: Finished looking for orphan Actors (0.000 secs)
[2018.10.19-13.32.06:468][  0]Cmd: MAP CHECKDEP NOCLEARLOG
[2018.10.19-13.32.06:512][  0]MapCheck: Map check complete: 0 Error(s), 0 Warning(s), took 43,816ms to complete.
[2018.10.19-13.32.06:512][  0]LogFileHelpers: Loading map '2DSideScrollerExampleMap' took 0.312
[2018.10.19-13.32.06:603][  0]LogSlate: Updating window title bar state: overlay mode, drag disabled, window buttons hidden, title bar hidden
[2018.10.19-13.32.06:610][  0]LogSlate: Updating window title bar state: overlay mode, drag disabled, window buttons hidden, title bar hidden
[2018.10.19-13.32.06:618][  0]LogSlate: Updating window title bar state: overlay mode, drag disabled, window buttons hidden, title bar hidden
[2018.10.19-13.32.06:626][  0]LogSlate: Updating window title bar state: overlay mode, drag disabled, window buttons hidden, title bar hidden
[2018.10.19-13.32.06:631][  0]LogCollectionManager: Loaded 0 collections in 0.001006 seconds
[2018.10.19-13.32.06:671][  0]LogFileCache: Scanning file cache for directory 'C:/Users/Ucef/Documents/Unreal Projects/Ninja/Saved/Collections/' took 0.01s
[2018.10.19-13.32.06:671][  0]LogFileCache: Scanning file cache for directory 'C:/Users/Ucef/Documents/Unreal Projects/Ninja/Content/Developers/Ucef/Collections/' took 0.01s
[2018.10.19-13.32.06:671][  0]LogFileCache: Scanning file cache for directory 'C:/Users/Ucef/Documents/Unreal Projects/Ninja/Content/Collections/' took 0.01s
[2018.10.19-13.32.06:671][  0]LogCollectionManager: Rebuilt the GUID cache for 0 collections in 0.000000 seconds
[2018.10.19-13.32.06:683][  0]LogContentBrowser: Native class hierarchy populated in 0.0110 seconds. Added 2572 classes and 603 folders.
[2018.10.19-13.32.06:688][  0]LogContentBrowser: Native class hierarchy updated for 'WidgetCarousel' in 0.0003 seconds. Added 0 classes and 0 folders.
[2018.10.19-13.32.06:722][  0]LogContentBrowser: Native class hierarchy updated for 'AddContentDialog' in 0.0003 seconds. Added 0 classes and 0 folders.
[2018.10.19-13.32.06:726][  0]LogContentBrowser: Native class hierarchy updated for 'SceneOutliner' in 0.0003 seconds. Added 1 classes and 2 folders.
[2018.10.19-13.32.06:793][  0]LogSlate: Took 0.000224 seconds to synchronously load lazily loaded font '../../../Engine/Content/Slate/Fonts/Roboto-Regular.ttf' (155K)
[2018.10.19-13.32.06:795][  0]LogSlate: Took 0.000126 seconds to synchronously load lazily loaded font '../../../Engine/Content/Slate/Fonts/Roboto-Bold.ttf' (160K)
[2018.10.19-13.32.06:801][  0]LogSlate: Took 0.000178 seconds to synchronously load lazily loaded font '../../../Engine/Content/Editor/Slate/Fonts/FontAwesome.ttf' (139K)
[2018.10.19-13.32.06:884][  0]LogRenderer: Reallocating scene render targets to support 760x360 Format 10 NumSamples 1 (Frame:1).
[2018.10.19-13.32.07:060][  0]LogContentBrowser: Native class hierarchy updated for 'HierarchicalLODOutliner' in 0.0003 seconds. Added 0 classes and 0 folders.
[2018.10.19-13.32.07:060][  0]LogLoad: (Engine Initialization) Total time: 7.70 seconds
[2018.10.19-13.32.07:060][  0]LogLoad: (Engine Initialization) Total Blueprint compile time: 0.00 seconds
[2018.10.19-13.32.07:100][  0]LogContentStreaming: Texture pool size now 1000 MB
[2018.10.19-13.32.07:117][  0]LogSlate: Took 0.000165 seconds to synchronously load lazily loaded font '../../../Engine/Content/Slate/Fonts/Roboto-Light.ttf' (167K)
[2018.10.19-13.32.07:140][  1]LogAssetRegistry: Asset discovery search completed in 4.5859 seconds
[2018.10.19-13.32.07:141][  1]LogCollectionManager: Rebuilt the object cache for 0 collections in 0.000000 seconds (found 0 objects)
[2018.10.19-13.32.07:141][  1]LogCollectionManager: Fixed up redirectors for 0 collections in 0.000043 seconds (updated 0 objects)
[2018.10.19-13.32.13:462][461]LogSlate: FSceneViewport::OnFocusLost() reason 0
[2018.10.19-13.32.23:924][162]LogSlate: Window 'Delete Assets' being destroyed
[2018.10.19-13.32.23:931][162]LogSlate: Took 0.000179 seconds to synchronously load lazily loaded font '../../../Engine/Content/Slate/Fonts/Roboto-Light.ttf' (167K)
[2018.10.19-13.32.29:384][613]LogEditorViewport: Clicking on Actor (LMB): PaperSpriteActor (Ledge_14)
[2018.10.19-13.32.41:896][701]LogEditorViewport: Clicking on Actor (LMB): 2DSideScrollerCharacter_C (2DSideScrollerCharacter)
[2018.10.19-13.32.55:484][510]LogSlate: FSceneViewport::OnFocusLost() reason 0
[2018.10.19-13.34.53:862][919]LogBlueprint: Warning: [Compiler BP_Ninja] InputAction Event references unknown Action 'Shoot' for  InputAction Shoot
[2018.10.19-13.34.53:877][919]LogBlueprint: Warning: [Compiler BP_Ninja] [0174,52] Compile of BP_Ninja successful, but with 1 Warning(s) [in 34 ms] (/Game/GameAssets/Blueprints/BP_Ninja.BP_Ninja)
[2018.10.19-13.34.55:196][  7]LogEditorViewport: Clicking on Actor (LMB): PaperSpriteActor (Background_Sprite)
[2018.10.19-13.34.56:375][102]LogSlate: FSceneViewport::OnFocusLost() reason 0
[2018.10.19-13.34.56:841][141]LogTemp: Repeating last play command: Selected Viewport
[2018.10.19-13.34.56:872][141]LogBlueprintUserMessages: Early PlayInEditor Detection: Level '/Game/2DSideScrollerBP/Maps/2DSideScrollerExampleMap.2DSideScrollerExampleMap:PersistentLevel' has LevelScriptBlueprint '/Game/2DSideScrollerBP/Maps/2DSideScrollerExampleMap.2DSideScrollerExampleMap:PersistentLevel.2DSideScrollerExampleMap' with GeneratedClass '/Game/2DSideScrollerBP/Maps/2DSideScrollerExampleMap.2DSideScrollerExampleMap_C' with ClassGeneratedBy '/Game/2DSideScrollerBP/Maps/2DSideScrollerExampleMap.2DSideScrollerExampleMap:PersistentLevel.2DSideScrollerExampleMap'
[2018.10.19-13.34.56:873][141]LogPlayLevel: PlayLevel: No blueprints needed recompiling
[2018.10.19-13.34.56:885][141]PIE: New page: PIE session: 2DSideScrollerExampleMap (19 oct. 2018 15:34:56)
[2018.10.19-13.34.56:885][141]LogPlayLevel: Creating play world package: /Game/2DSideScrollerBP/Maps/UEDPIE_0_2DSideScrollerExampleMap
[2018.10.19-13.34.56:906][141]LogPlayLevel: PIE: StaticDuplicateObject took: (0.020434s)
[2018.10.19-13.34.56:906][141]LogAIModule: Creating AISystem for world 2DSideScrollerExampleMap
[2018.10.19-13.34.56:907][141]LogPlayLevel: PIE: World Init took: (0.001027s)
[2018.10.19-13.34.56:907][141]LogPlayLevel: PIE: Created PIE world by copying editor world from /Game/2DSideScrollerBP/Maps/2DSideScrollerExampleMap.2DSideScrollerExampleMap to /Game/2DSideScrollerBP/Maps/UEDPIE_0_2DSideScrollerExampleMap.2DSideScrollerExampleMap (0.021645s)
[2018.10.19-13.34.56:933][141]LogInit: XAudio2 using 'Haut-parleurs (Périphérique High Definition Audio)' : 2 channels at 48 kHz using 32 bits per sample (channel mask 0x3)
[2018.10.19-13.34.56:939][141]LogInit: FAudioDevice initialized.
[2018.10.19-13.34.56:982][141]LogLoad: Game class is '2DSideScrollerGameMode_C'
[2018.10.19-13.34.56:985][141]LogWorld: Bringing World /Game/2DSideScrollerBP/Maps/UEDPIE_0_2DSideScrollerExampleMap.2DSideScrollerExampleMap up for play (max tick rate 0) at 2018.10.19-14.34.56
[2018.10.19-13.34.56:985][141]LogWorld: Bringing up level for play took: 0.002313
[2018.10.19-13.34.57:000][141]LogContentBrowser: Native class hierarchy updated for 'MovieSceneCapture' in 0.0003 seconds. Added 10 classes and 0 folders.
[2018.10.19-13.34.57:010][141]PIE: Play in editor start time for /Game/2DSideScrollerBP/Maps/UEDPIE_0_2DSideScrollerExampleMap 0,254
[2018.10.19-13.34.57:011][141]LogBlueprintUserMessages: Late PlayInEditor Detection: Level '/Game/2DSideScrollerBP/Maps/2DSideScrollerExampleMap.2DSideScrollerExampleMap:PersistentLevel' has LevelScriptBlueprint '/Game/2DSideScrollerBP/Maps/2DSideScrollerExampleMap.2DSideScrollerExampleMap:PersistentLevel.2DSideScrollerExampleMap' with GeneratedClass '/Game/2DSideScrollerBP/Maps/2DSideScrollerExampleMap.2DSideScrollerExampleMap_C' with ClassGeneratedBy '/Game/2DSideScrollerBP/Maps/2DSideScrollerExampleMap.2DSideScrollerExampleMap:PersistentLevel.2DSideScrollerExampleMap'
[2018.10.19-13.35.09:277][227]LogBlueprintUserMessages: Early EndPlayMap Detection: Level '/Game/2DSideScrollerBP/Maps/2DSideScrollerExampleMap.2DSideScrollerExampleMap:PersistentLevel' has LevelScriptBlueprint '/Game/2DSideScrollerBP/Maps/2DSideScrollerExampleMap.2DSideScrollerExampleMap:PersistentLevel.2DSideScrollerExampleMap' with GeneratedClass '/Game/2DSideScrollerBP/Maps/2DSideScrollerExampleMap.2DSideScrollerExampleMap_C' with ClassGeneratedBy '/Game/2DSideScrollerBP/Maps/2DSideScrollerExampleMap.2DSideScrollerExampleMap:PersistentLevel.2DSideScrollerExampleMap'
[2018.10.19-13.35.09:277][227]LogSlate: Updating window title bar state: overlay mode, drag disabled, window buttons hidden, title bar hidden
[2018.10.19-13.35.09:308][227]LogPlayLevel: Display: Shutting down PIE online subsystems
[2018.10.19-13.35.09:309][227]LogBlueprintUserMessages: Late EndPlayMap Detection: Level '/Game/2DSideScrollerBP/Maps/2DSideScrollerExampleMap.2DSideScrollerExampleMap:PersistentLevel' has LevelScriptBlueprint '/Game/2DSideScrollerBP/Maps/2DSideScrollerExampleMap.2DSideScrollerExampleMap:PersistentLevel.2DSideScrollerExampleMap' with GeneratedClass '/Game/2DSideScrollerBP/Maps/2DSideScrollerExampleMap.2DSideScrollerExampleMap_C' with ClassGeneratedBy '/Game/2DSideScrollerBP/Maps/2DSideScrollerExampleMap.2DSideScrollerExampleMap:PersistentLevel.2DSideScrollerExampleMap'
[2018.10.19-13.35.09:329][227]LogSlate: Updating window title bar state: overlay mode, drag disabled, window buttons hidden, title bar hidden
[2018.10.19-13.35.09:402][231]LogPlayLevel: Display: Destroying online subsystem :Context_1
[2018.10.19-13.35.11:855][447]LogSlate: FSceneViewport::OnFocusLost() reason 0
[2018.10.19-13.35.11:989][459]LogTemp: Repeating last play command: Selected Viewport
[2018.10.19-13.35.11:996][459]LogBlueprintUserMessages: Early PlayInEditor Detection: Level '/Game/2DSideScrollerBP/Maps/2DSideScrollerExampleMap.2DSideScrollerExampleMap:PersistentLevel' has LevelScriptBlueprint '/Game/2DSideScrollerBP/Maps/2DSideScrollerExampleMap.2DSideScrollerExampleMap:PersistentLevel.2DSideScrollerExampleMap' with GeneratedClass '/Game/2DSideScrollerBP/Maps/2DSideScrollerExampleMap.2DSideScrollerExampleMap_C' with ClassGeneratedBy '/Game/2DSideScrollerBP/Maps/2DSideScrollerExampleMap.2DSideScrollerExampleMap:PersistentLevel.2DSideScrollerExampleMap'
[2018.10.19-13.35.11:996][459]LogPlayLevel: PlayLevel: No blueprints needed recompiling
[2018.10.19-13.35.11:996][459]PIE: New page: PIE session: 2DSideScrollerExampleMap (19 oct. 2018 15:35:11)
[2018.10.19-13.35.11:996][459]LogPlayLevel: Creating play world package: /Game/2DSideScrollerBP/Maps/UEDPIE_0_2DSideScrollerExampleMap
[2018.10.19-13.35.12:000][459]LogPlayLevel: PIE: StaticDuplicateObject took: (0.003741s)
[2018.10.19-13.35.12:000][459]LogAIModule: Creating AISystem for world 2DSideScrollerExampleMap
[2018.10.19-13.35.12:000][459]LogPlayLevel: PIE: World Init took: (0.000702s)
[2018.10.19-13.35.12:001][459]LogPlayLevel: PIE: Created PIE world by copying editor world from /Game/2DSideScrollerBP/Maps/2DSideScrollerExampleMap.2DSideScrollerExampleMap to /Game/2DSideScrollerBP/Maps/UEDPIE_0_2DSideScrollerExampleMap.2DSideScrollerExampleMap (0.004594s)
[2018.10.19-13.35.12:023][459]LogInit: XAudio2 using 'Haut-parleurs (Périphérique High Definition Audio)' : 2 channels at 48 kHz using 32 bits per sample (channel mask 0x3)
[2018.10.19-13.35.12:030][459]LogInit: FAudioDevice initialized.
[2018.10.19-13.35.12:061][459]LogLoad: Game class is '2DSideScrollerGameMode_C'
[2018.10.19-13.35.12:063][459]LogWorld: Bringing World /Game/2DSideScrollerBP/Maps/UEDPIE_0_2DSideScrollerExampleMap.2DSideScrollerExampleMap up for play (max tick rate 0) at 2018.10.19-14.35.12
[2018.10.19-13.35.12:063][459]LogWorld: Bringing up level for play took: 0.001963
[2018.10.19-13.35.12:075][459]PIE: Play in editor start time for /Game/2DSideScrollerBP/Maps/UEDPIE_0_2DSideScrollerExampleMap -0,681
[2018.10.19-13.35.12:075][459]LogBlueprintUserMessages: Late PlayInEditor Detection: Level '/Game/2DSideScrollerBP/Maps/2DSideScrollerExampleMap.2DSideScrollerExampleMap:PersistentLevel' has LevelScriptBlueprint '/Game/2DSideScrollerBP/Maps/2DSideScrollerExampleMap.2DSideScrollerExampleMap:PersistentLevel.2DSideScrollerExampleMap' with GeneratedClass '/Game/2DSideScrollerBP/Maps/2DSideScrollerExampleMap.2DSideScrollerExampleMap_C' with ClassGeneratedBy '/Game/2DSideScrollerBP/Maps/2DSideScrollerExampleMap.2DSideScrollerExampleMap:PersistentLevel.2DSideScrollerExampleMap'
[2018.10.19-13.35.54:915][303]LogBlueprintUserMessages: Early EndPlayMap Detection: Level '/Game/2DSideScrollerBP/Maps/2DSideScrollerExampleMap.2DSideScrollerExampleMap:PersistentLevel' has LevelScriptBlueprint '/Game/2DSideScrollerBP/Maps/2DSideScrollerExampleMap.2DSideScrollerExampleMap:PersistentLevel.2DSideScrollerExampleMap' with GeneratedClass '/Game/2DSideScrollerBP/Maps/2DSideScrollerExampleMap.2DSideScrollerExampleMap_C' with ClassGeneratedBy '/Game/2DSideScrollerBP/Maps/2DSideScrollerExampleMap.2DSideScrollerExampleMap:PersistentLevel.2DSideScrollerExampleMap'
[2018.10.19-13.35.54:916][303]LogSlate: Updating window title bar state: overlay mode, drag disabled, window buttons hidden, title bar hidden
[2018.10.19-13.35.54:947][303]LogPlayLevel: Display: Shutting down PIE online subsystems
[2018.10.19-13.35.54:948][303]LogBlueprintUserMessages: Late EndPlayMap Detection: Level '/Game/2DSideScrollerBP/Maps/2DSideScrollerExampleMap.2DSideScrollerExampleMap:PersistentLevel' has LevelScriptBlueprint '/Game/2DSideScrollerBP/Maps/2DSideScrollerExampleMap.2DSideScrollerExampleMap:PersistentLevel.2DSideScrollerExampleMap' with GeneratedClass '/Game/2DSideScrollerBP/Maps/2DSideScrollerExampleMap.2DSideScrollerExampleMap_C' with ClassGeneratedBy '/Game/2DSideScrollerBP/Maps/2DSideScrollerExampleMap.2DSideScrollerExampleMap:PersistentLevel.2DSideScrollerExampleMap'
[2018.10.19-13.35.54:972][303]LogSlate: Updating window title bar state: overlay mode, drag disabled, window buttons hidden, title bar hidden
[2018.10.19-13.35.55:016][307]LogPlayLevel: Display: Destroying online subsystem :Context_2
[2018.10.19-13.36.15:403][ 36]LogEditorViewport: Clicking on Actor (LMB): BP_Ninja_C (BP_Ninja)
[2018.10.19-13.36.17:973][233]LogSlate: FSceneViewport::OnFocusLost() reason 2
[2018.10.19-13.36.20:722][468]Cmd: CAMERA ALIGN ACTIVEVIEWPORTONLY
[2018.10.19-13.36.26:386][902]LogSlate: FSceneViewport::OnFocusLost() reason 2
[2018.10.19-13.36.29:172][143]LogSlate: FSceneViewport::OnFocusLost() reason 2
[2018.10.19-13.36.32:564][429]LogSlate: FSceneViewport::OnFocusLost() reason 2
[2018.10.19-13.36.36:328][656]LogSlate: FSceneViewport::OnFocusLost() reason 0
[2018.10.19-13.36.36:428][661]LogTemp: Repeating last play command: Selected Viewport
[2018.10.19-13.36.36:436][661]LogBlueprintUserMessages: Early PlayInEditor Detection: Level '/Game/2DSideScrollerBP/Maps/2DSideScrollerExampleMap.2DSideScrollerExampleMap:PersistentLevel' has LevelScriptBlueprint '/Game/2DSideScrollerBP/Maps/2DSideScrollerExampleMap.2DSideScrollerExampleMap:PersistentLevel.2DSideScrollerExampleMap' with GeneratedClass '/Game/2DSideScrollerBP/Maps/2DSideScrollerExampleMap.2DSideScrollerExampleMap_C' with ClassGeneratedBy '/Game/2DSideScrollerBP/Maps/2DSideScrollerExampleMap.2DSideScrollerExampleMap:PersistentLevel.2DSideScrollerExampleMap'
[2018.10.19-13.36.36:436][661]LogPlayLevel: PlayLevel: No blueprints needed recompiling
[2018.10.19-13.36.36:437][661]PIE: New page: PIE session: 2DSideScrollerExampleMap (19 oct. 2018 15:36:36)
[2018.10.19-13.36.36:437][661]LogPlayLevel: Creating play world package: /Game/2DSideScrollerBP/Maps/UEDPIE_0_2DSideScrollerExampleMap
[2018.10.19-13.36.36:440][661]LogPlayLevel: PIE: StaticDuplicateObject took: (0.003461s)
[2018.10.19-13.36.36:441][661]LogAIModule: Creating AISystem for world 2DSideScrollerExampleMap
[2018.10.19-13.36.36:441][661]LogPlayLevel: PIE: World Init took: (0.000734s)
[2018.10.19-13.36.36:441][661]LogPlayLevel: PIE: Created PIE world by copying editor world from /Game/2DSideScrollerBP/Maps/2DSideScrollerExampleMap.2DSideScrollerExampleMap to /Game/2DSideScrollerBP/Maps/UEDPIE_0_2DSideScrollerExampleMap.2DSideScrollerExampleMap (0.004334s)
[2018.10.19-13.36.36:494][661]LogInit: XAudio2 using 'Haut-parleurs (Périphérique High Definition Audio)' : 2 channels at 48 kHz using 32 bits per sample (channel mask 0x3)
[2018.10.19-13.36.36:500][661]LogInit: FAudioDevice initialized.
[2018.10.19-13.36.36:530][661]LogLoad: Game class is '2DSideScrollerGameMode_C'
[2018.10.19-13.36.36:532][661]LogWorld: Bringing World /Game/2DSideScrollerBP/Maps/UEDPIE_0_2DSideScrollerExampleMap.2DSideScrollerExampleMap up for play (max tick rate 0) at 2018.10.19-14.36.36
[2018.10.19-13.36.36:532][661]LogWorld: Bringing up level for play took: 0.001916
[2018.10.19-13.36.36:544][661]PIE: Play in editor start time for /Game/2DSideScrollerBP/Maps/UEDPIE_0_2DSideScrollerExampleMap -0,212
[2018.10.19-13.36.36:545][661]LogBlueprintUserMessages: Late PlayInEditor Detection: Level '/Game/2DSideScrollerBP/Maps/2DSideScrollerExampleMap.2DSideScrollerExampleMap:PersistentLevel' has LevelScriptBlueprint '/Game/2DSideScrollerBP/Maps/2DSideScrollerExampleMap.2DSideScrollerExampleMap:PersistentLevel.2DSideScrollerExampleMap' with GeneratedClass '/Game/2DSideScrollerBP/Maps/2DSideScrollerExampleMap.2DSideScrollerExampleMap_C' with ClassGeneratedBy '/Game/2DSideScrollerBP/Maps/2DSideScrollerExampleMap.2DSideScrollerExampleMap:PersistentLevel.2DSideScrollerExampleMap'
[2018.10.19-13.36.45:595][470]LogBlueprintUserMessages: Early EndPlayMap Detection: Level '/Game/2DSideScrollerBP/Maps/2DSideScrollerExampleMap.2DSideScrollerExampleMap:PersistentLevel' has LevelScriptBlueprint '/Game/2DSideScrollerBP/Maps/2DSideScrollerExampleMap.2DSideScrollerExampleMap:PersistentLevel.2DSideScrollerExampleMap' with GeneratedClass '/Game/2DSideScrollerBP/Maps/2DSideScrollerExampleMap.2DSideScrollerExampleMap_C' with ClassGeneratedBy '/Game/2DSideScrollerBP/Maps/2DSideScrollerExampleMap.2DSideScrollerExampleMap:PersistentLevel.2DSideScrollerExampleMap'
[2018.10.19-13.36.45:595][470]LogSlate: Updating window title bar state: overlay mode, drag disabled, window buttons hidden, title bar hidden
[2018.10.19-13.36.45:627][470]LogPlayLevel: Display: Shutting down PIE online subsystems
[2018.10.19-13.36.45:627][470]LogBlueprintUserMessages: Late EndPlayMap Detection: Level '/Game/2DSideScrollerBP/Maps/2DSideScrollerExampleMap.2DSideScrollerExampleMap:PersistentLevel' has LevelScriptBlueprint '/Game/2DSideScrollerBP/Maps/2DSideScrollerExampleMap.2DSideScrollerExampleMap:PersistentLevel.2DSideScrollerExampleMap' with GeneratedClass '/Game/2DSideScrollerBP/Maps/2DSideScrollerExampleMap.2DSideScrollerExampleMap_C' with ClassGeneratedBy '/Game/2DSideScrollerBP/Maps/2DSideScrollerExampleMap.2DSideScrollerExampleMap:PersistentLevel.2DSideScrollerExampleMap'
[2018.10.19-13.36.45:651][470]LogSlate: Updating window title bar state: overlay mode, drag disabled, window buttons hidden, title bar hidden
[2018.10.19-13.36.45:694][473]LogPlayLevel: Display: Destroying online subsystem :Context_3
[2018.10.19-13.36.48:161][681]LogEditorViewport: Clicking on Actor (LMB): BP_Ninja_C (BP_Ninja)
[2018.10.19-13.36.55:840][319]LogSlate: FSceneViewport::OnFocusLost() reason 0
[2018.10.19-13.36.55:963][328]LogTemp: Repeating last play command: Selected Viewport
[2018.10.19-13.36.55:971][328]LogBlueprintUserMessages: Early PlayInEditor Detection: Level '/Game/2DSideScrollerBP/Maps/2DSideScrollerExampleMap.2DSideScrollerExampleMap:PersistentLevel' has LevelScriptBlueprint '/Game/2DSideScrollerBP/Maps/2DSideScrollerExampleMap.2DSideScrollerExampleMap:PersistentLevel.2DSideScrollerExampleMap' with GeneratedClass '/Game/2DSideScrollerBP/Maps/2DSideScrollerExampleMap.2DSideScrollerExampleMap_C' with ClassGeneratedBy '/Game/2DSideScrollerBP/Maps/2DSideScrollerExampleMap.2DSideScrollerExampleMap:PersistentLevel.2DSideScrollerExampleMap'
[2018.10.19-13.36.55:971][328]LogPlayLevel: PlayLevel: No blueprints needed recompiling
[2018.10.19-13.36.55:971][328]PIE: New page: PIE session: 2DSideScrollerExampleMap (19 oct. 2018 15:36:55)
[2018.10.19-13.36.55:971][328]LogPlayLevel: Creating play world package: /Game/2DSideScrollerBP/Maps/UEDPIE_0_2DSideScrollerExampleMap
[2018.10.19-13.36.55:976][328]LogPlayLevel: PIE: StaticDuplicateObject took: (0.004852s)
[2018.10.19-13.36.55:977][328]LogAIModule: Creating AISystem for world 2DSideScrollerExampleMap
[2018.10.19-13.36.55:977][328]LogPlayLevel: PIE: World Init took: (0.000748s)
[2018.10.19-13.36.55:977][328]LogPlayLevel: PIE: Created PIE world by copying editor world from /Game/2DSideScrollerBP/Maps/2DSideScrollerExampleMap.2DSideScrollerExampleMap to /Game/2DSideScrollerBP/Maps/UEDPIE_0_2DSideScrollerExampleMap.2DSideScrollerExampleMap (0.005753s)
[2018.10.19-13.36.56:023][328]LogInit: XAudio2 using 'Haut-parleurs (Périphérique High Definition Audio)' : 2 channels at 48 kHz using 32 bits per sample (channel mask 0x3)
[2018.10.19-13.36.56:029][328]LogInit: FAudioDevice initialized.
[2018.10.19-13.36.56:057][328]LogLoad: Game class is '2DSideScrollerGameMode_C'
[2018.10.19-13.36.56:060][328]LogWorld: Bringing World /Game/2DSideScrollerBP/Maps/UEDPIE_0_2DSideScrollerExampleMap.2DSideScrollerExampleMap up for play (max tick rate 0) at 2018.10.19-14.36.56
[2018.10.19-13.36.56:060][328]LogWorld: Bringing up level for play took: 0.001906
[2018.10.19-13.36.56:072][328]PIE: Play in editor start time for /Game/2DSideScrollerBP/Maps/UEDPIE_0_2DSideScrollerExampleMap -0,684
[2018.10.19-13.36.56:072][328]LogBlueprintUserMessages: Late PlayInEditor Detection: Level '/Game/2DSideScrollerBP/Maps/2DSideScrollerExampleMap.2DSideScrollerExampleMap:PersistentLevel' has LevelScriptBlueprint '/Game/2DSideScrollerBP/Maps/2DSideScrollerExampleMap.2DSideScrollerExampleMap:PersistentLevel.2DSideScrollerExampleMap' with GeneratedClass '/Game/2DSideScrollerBP/Maps/2DSideScrollerExampleMap.2DSideScrollerExampleMap_C' with ClassGeneratedBy '/Game/2DSideScrollerBP/Maps/2DSideScrollerExampleMap.2DSideScrollerExampleMap:PersistentLevel.2DSideScrollerExampleMap'
[2018.10.19-13.36.57:454][451]LogBlueprintUserMessages: Early EndPlayMap Detection: Level '/Game/2DSideScrollerBP/Maps/2DSideScrollerExampleMap.2DSideScrollerExampleMap:PersistentLevel' has LevelScriptBlueprint '/Game/2DSideScrollerBP/Maps/2DSideScrollerExampleMap.2DSideScrollerExampleMap:PersistentLevel.2DSideScrollerExampleMap' with GeneratedClass '/Game/2DSideScrollerBP/Maps/2DSideScrollerExampleMap.2DSideScrollerExampleMap_C' with ClassGeneratedBy '/Game/2DSideScrollerBP/Maps/2DSideScrollerExampleMap.2DSideScrollerExampleMap:PersistentLevel.2DSideScrollerExampleMap'
[2018.10.19-13.36.57:455][451]LogSlate: Updating window title bar state: overlay mode, drag disabled, window buttons hidden, title bar hidden
[2018.10.19-13.36.57:486][451]LogPlayLevel: Display: Shutting down PIE online subsystems
[2018.10.19-13.36.57:487][451]LogBlueprintUserMessages: Late EndPlayMap Detection: Level '/Game/2DSideScrollerBP/Maps/2DSideScrollerExampleMap.2DSideScrollerExampleMap:PersistentLevel' has LevelScriptBlueprint '/Game/2DSideScrollerBP/Maps/2DSideScrollerExampleMap.2DSideScrollerExampleMap:PersistentLevel.2DSideScrollerExampleMap' with GeneratedClass '/Game/2DSideScrollerBP/Maps/2DSideScrollerExampleMap.2DSideScrollerExampleMap_C' with ClassGeneratedBy '/Game/2DSideScrollerBP/Maps/2DSideScrollerExampleMap.2DSideScrollerExampleMap:PersistentLevel.2DSideScrollerExampleMap'
[2018.10.19-13.36.57:507][451]LogSlate: Updating window title bar state: overlay mode, drag disabled, window buttons hidden, title bar hidden
[2018.10.19-13.36.57:554][455]LogPlayLevel: Display: Destroying online subsystem :Context_4
[2018.10.19-13.36.59:009][577]LogSlate: FSceneViewport::OnFocusLost() reason 0
[2018.10.19-13.36.59:215][593]LogAssetEditorManager: Opening Asset editor for Blueprint /Game/GameAssets/Blueprints/BP_Ninja.BP_Ninja
[2018.10.19-13.36.59:841][593]LogContentBrowser: Native class hierarchy updated for 'BlueprintGraph' in 0.0007 seconds. Added 116 classes and 0 folders.
[2018.10.19-13.37.00:893][593]LogSlate: Took 0.000236 seconds to synchronously load lazily loaded font '../../../Engine/Content/Slate/Fonts/Roboto-BoldCondensed.ttf' (158K)
[2018.10.19-13.37.01:194][594]LogSlate: Took 0.000165 seconds to synchronously load lazily loaded font '../../../Engine/Content/Slate/Fonts/Roboto-Italic.ttf' (157K)
[2018.10.19-13.37.04:111][769]BlueprintLog: New page: Compile BP_Ninja
[2018.10.19-13.37.04:170][769]LogBlueprint: Warning: [Compiler BP_Ninja] InputAction Event references unknown Action 'Shoot' for  InputAction Shoot
[2018.10.19-13.37.04:369][769]LogBlueprint: Warning: [Compiler BP_Ninja] [0305,01] Compile of BP_Ninja successful, but with 1 Warning(s) [in 258 ms] (/Game/GameAssets/Blueprints/BP_Ninja.BP_Ninja)
[2018.10.19-13.37.10:656][ 66]LogSlate: Only BGRA pngs, bmps or icos are supported in by External Image Picker
[2018.10.19-13.37.10:876][ 70]LogTemp: Executing iPhonePackager certificates Engine -bundlename com.YourCompany.Ninja
[2018.10.19-13.37.10:876][ 70]LogTemp: CWD: D:\UE4 4,20\UE_4.20\Engine\Binaries\DotNET\IOS
[2018.10.19-13.37.10:876][ 70]LogTemp: Initial Dir: D:\UE4 4,20\UE_4.20
[2018.10.19-13.37.10:876][ 70]LogTemp: Env CWD: D:\UE4 4,20\UE_4.20\Engine\Binaries\DotNET\IOS
[2018.10.19-13.37.10:879][ 70]LogTemp: BranchPath = UCEF-PC/D/UE4 4,20/UE_4.20/Engine/Binaries --- GameBranchPath = UCEF-PC/D/UE4 4,20/UE_4.20/Engine/Binaries
[2018.10.19-13.37.10:891][ 70]LogTemp: IPP ERROR: Could not find provision directory 'C:\Users\Ucef\AppData\Local/Apple Computer/MobileDevice/Provisioning Profiles/'.
[2018.10.19-13.38.00:167][ 90]LogSlate: Window 'BP_Ninja' being destroyed
[2018.10.19-13.38.01:874][249]BlueprintLog: New page: Compile BP_Ninja
[2018.10.19-13.38.03:537][364]BlueprintLog: New page: Compile BP_Ninja
[2018.10.19-13.38.07:318][652]LogTemp: Repeating last play command: Selected Viewport
[2018.10.19-13.38.07:351][652]LogBlueprintUserMessages: Early PlayInEditor Detection: Level '/Game/2DSideScrollerBP/Maps/2DSideScrollerExampleMap.2DSideScrollerExampleMap:PersistentLevel' has LevelScriptBlueprint '/Game/2DSideScrollerBP/Maps/2DSideScrollerExampleMap.2DSideScrollerExampleMap:PersistentLevel.2DSideScrollerExampleMap' with GeneratedClass '/Game/2DSideScrollerBP/Maps/2DSideScrollerExampleMap.2DSideScrollerExampleMap_C' with ClassGeneratedBy '/Game/2DSideScrollerBP/Maps/2DSideScrollerExampleMap.2DSideScrollerExampleMap:PersistentLevel.2DSideScrollerExampleMap'
[2018.10.19-13.38.07:351][652]LogPlayLevel: PlayLevel: No blueprints needed recompiling
[2018.10.19-13.38.07:351][652]PIE: New page: PIE session: 2DSideScrollerExampleMap (19 oct. 2018 15:38:07)
[2018.10.19-13.38.07:351][652]LogPlayLevel: Creating play world package: /Game/2DSideScrollerBP/Maps/UEDPIE_0_2DSideScrollerExampleMap
[2018.10.19-13.38.07:355][652]LogPlayLevel: PIE: StaticDuplicateObject took: (0.003629s)
[2018.10.19-13.38.07:356][652]LogAIModule: Creating AISystem for world 2DSideScrollerExampleMap
[2018.10.19-13.38.07:356][652]LogPlayLevel: PIE: World Init took: (0.000735s)
[2018.10.19-13.38.07:356][652]LogPlayLevel: PIE: Created PIE world by copying editor world from /Game/2DSideScrollerBP/Maps/2DSideScrollerExampleMap.2DSideScrollerExampleMap to /Game/2DSideScrollerBP/Maps/UEDPIE_0_2DSideScrollerExampleMap.2DSideScrollerExampleMap (0.004507s)
[2018.10.19-13.38.07:388][652]LogInit: XAudio2 using 'Haut-parleurs (Périphérique High Definition Audio)' : 2 channels at 48 kHz using 32 bits per sample (channel mask 0x3)
[2018.10.19-13.38.07:396][652]LogInit: FAudioDevice initialized.
[2018.10.19-13.38.07:421][652]LogLoad: Game class is '2DSideScrollerGameMode_C'
[2018.10.19-13.38.07:423][652]LogWorld: Bringing World /Game/2DSideScrollerBP/Maps/UEDPIE_0_2DSideScrollerExampleMap.2DSideScrollerExampleMap up for play (max tick rate 0) at 2018.10.19-14.38.07
[2018.10.19-13.38.07:424][652]LogWorld: Bringing up level for play took: 0.001991
[2018.10.19-13.38.07:436][652]PIE: Play in editor start time for /Game/2DSideScrollerBP/Maps/UEDPIE_0_2DSideScrollerExampleMap 0,678
[2018.10.19-13.38.07:436][652]LogBlueprintUserMessages: Late PlayInEditor Detection: Level '/Game/2DSideScrollerBP/Maps/2DSideScrollerExampleMap.2DSideScrollerExampleMap:PersistentLevel' has LevelScriptBlueprint '/Game/2DSideScrollerBP/Maps/2DSideScrollerExampleMap.2DSideScrollerExampleMap:PersistentLevel.2DSideScrollerExampleMap' with GeneratedClass '/Game/2DSideScrollerBP/Maps/2DSideScrollerExampleMap.2DSideScrollerExampleMap_C' with ClassGeneratedBy '/Game/2DSideScrollerBP/Maps/2DSideScrollerExampleMap.2DSideScrollerExampleMap:PersistentLevel.2DSideScrollerExampleMap'
[2018.10.19-13.38.13:274][169]LogBlueprintUserMessages: Early EndPlayMap Detection: Level '/Game/2DSideScrollerBP/Maps/2DSideScrollerExampleMap.2DSideScrollerExampleMap:PersistentLevel' has LevelScriptBlueprint '/Game/2DSideScrollerBP/Maps/2DSideScrollerExampleMap.2DSideScrollerExampleMap:PersistentLevel.2DSideScrollerExampleMap' with GeneratedClass '/Game/2DSideScrollerBP/Maps/2DSideScrollerExampleMap.2DSideScrollerExampleMap_C' with ClassGeneratedBy '/Game/2DSideScrollerBP/Maps/2DSideScrollerExampleMap.2DSideScrollerExampleMap:PersistentLevel.2DSideScrollerExampleMap'
[2018.10.19-13.38.13:275][169]LogSlate: Updating window title bar state: overlay mode, drag disabled, window buttons hidden, title bar hidden
[2018.10.19-13.38.13:311][169]LogPlayLevel: Display: Shutting down PIE online subsystems
[2018.10.19-13.38.13:312][169]LogBlueprintUserMessages: Late EndPlayMap Detection: Level '/Game/2DSideScrollerBP/Maps/2DSideScrollerExampleMap.2DSideScrollerExampleMap:PersistentLevel' has LevelScriptBlueprint '/Game/2DSideScrollerBP/Maps/2DSideScrollerExampleMap.2DSideScrollerExampleMap:PersistentLevel.2DSideScrollerExampleMap' with GeneratedClass '/Game/2DSideScrollerBP/Maps/2DSideScrollerExampleMap.2DSideScrollerExampleMap_C' with ClassGeneratedBy '/Game/2DSideScrollerBP/Maps/2DSideScrollerExampleMap.2DSideScrollerExampleMap:PersistentLevel.2DSideScrollerExampleMap'
[2018.10.19-13.38.13:335][169]LogSlate: Updating window title bar state: overlay mode, drag disabled, window buttons hidden, title bar hidden
[2018.10.19-13.38.13:379][171]LogPlayLevel: Display: Destroying online subsystem :Context_7
[2018.10.19-13.38.16:819][469]LogSlate: FSceneViewport::OnFocusLost() reason 0
[2018.10.19-13.38.40:345][466]LogAssetEditorManager: Opening Asset editor for Blueprint /Game/2DSideScrollerBP/Blueprints/2DSideScrollerGameMode.2DSideScrollerGameMode
[2018.10.19-13.39.00:197][559]LogTemp: Repeating last play command: Selected Viewport
[2018.10.19-13.39.00:207][559]LogBlueprintUserMessages: Early PlayInEditor Detection: Level '/Game/2DSideScrollerBP/Maps/2DSideScrollerExampleMap.2DSideScrollerExampleMap:PersistentLevel' has LevelScriptBlueprint '/Game/2DSideScrollerBP/Maps/2DSideScrollerExampleMap.2DSideScrollerExampleMap:PersistentLevel.2DSideScrollerExampleMap' with GeneratedClass '/Game/2DSideScrollerBP/Maps/2DSideScrollerExampleMap.2DSideScrollerExampleMap_C' with ClassGeneratedBy '/Game/2DSideScrollerBP/Maps/2DSideScrollerExampleMap.2DSideScrollerExampleMap:PersistentLevel.2DSideScrollerExampleMap'
[2018.10.19-13.39.00:208][559]LogPlayLevel: PlayLevel: No blueprints needed recompiling
[2018.10.19-13.39.00:208][559]PIE: New page: PIE session: 2DSideScrollerExampleMap (19 oct. 2018 15:39:00)
[2018.10.19-13.39.00:208][559]LogPlayLevel: Creating play world package: /Game/2DSideScrollerBP/Maps/UEDPIE_0_2DSideScrollerExampleMap
[2018.10.19-13.39.00:211][559]LogPlayLevel: PIE: StaticDuplicateObject took: (0.003342s)
[2018.10.19-13.39.00:212][559]LogAIModule: Creating AISystem for world 2DSideScrollerExampleMap
[2018.10.19-13.39.00:212][559]LogPlayLevel: PIE: World Init took: (0.000805s)
[2018.10.19-13.39.00:212][559]LogPlayLevel: PIE: Created PIE world by copying editor world from /Game/2DSideScrollerBP/Maps/2DSideScrollerExampleMap.2DSideScrollerExampleMap to /Game/2DSideScrollerBP/Maps/UEDPIE_0_2DSideScrollerExampleMap.2DSideScrollerExampleMap (0.004301s)
[2018.10.19-13.39.00:249][559]LogInit: XAudio2 using 'Haut-parleurs (Périphérique High Definition Audio)' : 2 channels at 48 kHz using 32 bits per sample (channel mask 0x3)
[2018.10.19-13.39.00:255][559]LogInit: FAudioDevice initialized.
[2018.10.19-13.39.00:287][559]LogLoad: Game class is '2DSideScrollerGameMode_C'
[2018.10.19-13.39.00:289][559]LogWorld: Bringing World /Game/2DSideScrollerBP/Maps/UEDPIE_0_2DSideScrollerExampleMap.2DSideScrollerExampleMap up for play (max tick rate 0) at 2018.10.19-14.39.00
[2018.10.19-13.39.00:289][559]LogWorld: Bringing up level for play took: 0.001939
[2018.10.19-13.39.00:300][559]LogGameMode: FindPlayerStart: PATHS NOT DEFINED or NO PLAYERSTART with positive rating
[2018.10.19-13.39.00:301][559]PIE: Play in editor start time for /Game/2DSideScrollerBP/Maps/UEDPIE_0_2DSideScrollerExampleMap -0,457
[2018.10.19-13.39.00:301][559]LogBlueprintUserMessages: Late PlayInEditor Detection: Level '/Game/2DSideScrollerBP/Maps/2DSideScrollerExampleMap.2DSideScrollerExampleMap:PersistentLevel' has LevelScriptBlueprint '/Game/2DSideScrollerBP/Maps/2DSideScrollerExampleMap.2DSideScrollerExampleMap:PersistentLevel.2DSideScrollerExampleMap' with GeneratedClass '/Game/2DSideScrollerBP/Maps/2DSideScrollerExampleMap.2DSideScrollerExampleMap_C' with ClassGeneratedBy '/Game/2DSideScrollerBP/Maps/2DSideScrollerExampleMap.2DSideScrollerExampleMap:PersistentLevel.2DSideScrollerExampleMap'
[2018.10.19-13.39.06:621][ 95]LogBlueprintUserMessages: Early EndPlayMap Detection: Level '/Game/2DSideScrollerBP/Maps/2DSideScrollerExampleMap.2DSideScrollerExampleMap:PersistentLevel' has LevelScriptBlueprint '/Game/2DSideScrollerBP/Maps/2DSideScrollerExampleMap.2DSideScrollerExampleMap:PersistentLevel.2DSideScrollerExampleMap' with GeneratedClass '/Game/2DSideScrollerBP/Maps/2DSideScrollerExampleMap.2DSideScrollerExampleMap_C' with ClassGeneratedBy '/Game/2DSideScrollerBP/Maps/2DSideScrollerExampleMap.2DSideScrollerExampleMap:PersistentLevel.2DSideScrollerExampleMap'
[2018.10.19-13.39.06:621][ 95]LogSlate: Updating window title bar state: overlay mode, drag disabled, window buttons hidden, title bar hidden
[2018.10.19-13.39.06:653][ 95]LogPlayLevel: Display: Shutting down PIE online subsystems
[2018.10.19-13.39.06:654][ 95]LogBlueprintUserMessages: Late EndPlayMap Detection: Level '/Game/2DSideScrollerBP/Maps/2DSideScrollerExampleMap.2DSideScrollerExampleMap:PersistentLevel' has LevelScriptBlueprint '/Game/2DSideScrollerBP/Maps/2DSideScrollerExampleMap.2DSideScrollerExampleMap:PersistentLevel.2DSideScrollerExampleMap' with GeneratedClass '/Game/2DSideScrollerBP/Maps/2DSideScrollerExampleMap.2DSideScrollerExampleMap_C' with ClassGeneratedBy '/Game/2DSideScrollerBP/Maps/2DSideScrollerExampleMap.2DSideScrollerExampleMap:PersistentLevel.2DSideScrollerExampleMap'
[2018.10.19-13.39.06:684][ 95]LogSlate: Updating window title bar state: overlay mode, drag disabled, window buttons hidden, title bar hidden
[2018.10.19-13.39.06:723][ 97]LogPlayLevel: Display: Destroying online subsystem :Context_9
[2018.10.19-13.39.08:384][234]LogSlate: FSceneViewport::OnFocusLost() reason 0
[2018.10.19-13.39.39:262][504]LogEditorViewport: Clicking on Actor (LMB): 2DSideScrollerCharacter_C (2DSideScrollerCharacter)
[2018.10.19-13.39.50:967][850]LogSlate: FSceneViewport::OnFocusLost() reason 2
[2018.10.19-13.39.51:190][850]LogSavePackage: Moving 'C:/Users/Ucef/Documents/Unreal Projects/Ninja/Saved/2DSideScrollerExampleMap729168A244AF0A0D49B82A808D2D5042.tmp' to 'C:/Users/Ucef/Documents/Unreal Projects/Ninja/Content/2DSideScrollerBP/Maps/2DSideScrollerExampleMap.umap'
[2018.10.19-13.39.51:206][850]LogSavePackage: Moving 'C:/Users/Ucef/Documents/Unreal Projects/Ninja/Saved/2DSideScrollerExampleMap_BuiltDaD4B2429340335EEE47F5A6A464C23914.tmp' to 'C:/Users/Ucef/Documents/Unreal Projects/Ninja/Content/2DSideScrollerBP/Maps/2DSideScrollerExampleMap_BuiltData.uasset'
[2018.10.19-13.40.05:915][768]LogTemp: Repeating last play command: Selected Viewport
[2018.10.19-13.40.05:926][768]LogBlueprintUserMessages: Early PlayInEditor Detection: Level '/Game/2DSideScrollerBP/Maps/2DSideScrollerExampleMap.2DSideScrollerExampleMap:PersistentLevel' has LevelScriptBlueprint '/Game/2DSideScrollerBP/Maps/2DSideScrollerExampleMap.2DSideScrollerExampleMap:PersistentLevel.2DSideScrollerExampleMap' with GeneratedClass '/Game/2DSideScrollerBP/Maps/2DSideScrollerExampleMap.2DSideScrollerExampleMap_C' with ClassGeneratedBy '/Game/2DSideScrollerBP/Maps/2DSideScrollerExampleMap.2DSideScrollerExampleMap:PersistentLevel.2DSideScrollerExampleMap'
[2018.10.19-13.40.05:926][768]LogPlayLevel: PlayLevel: No blueprints needed recompiling
[2018.10.19-13.40.05:927][768]PIE: New page: PIE session: 2DSideScrollerExampleMap (19 oct. 2018 15:40:05)
[2018.10.19-13.40.05:927][768]LogPlayLevel: Creating play world package: /Game/2DSideScrollerBP/Maps/UEDPIE_0_2DSideScrollerExampleMap
[2018.10.19-13.40.05:932][768]LogPlayLevel: PIE: StaticDuplicateObject took: (0.005098s)
[2018.10.19-13.40.05:933][768]LogAIModule: Creating AISystem for world 2DSideScrollerExampleMap
[2018.10.19-13.40.05:933][768]LogPlayLevel: PIE: World Init took: (0.001056s)
[2018.10.19-13.40.05:933][768]LogPlayLevel: PIE: Created PIE world by copying editor world from /Game/2DSideScrollerBP/Maps/2DSideScrollerExampleMap.2DSideScrollerExampleMap to /Game/2DSideScrollerBP/Maps/UEDPIE_0_2DSideScrollerExampleMap.2DSideScrollerExampleMap (0.006311s)
[2018.10.19-13.40.05:993][768]LogInit: XAudio2 using 'Haut-parleurs (Périphérique High Definition Audio)' : 2 channels at 48 kHz using 32 bits per sample (channel mask 0x3)
[2018.10.19-13.40.06:000][768]LogInit: FAudioDevice initialized.
[2018.10.19-13.40.06:027][768]LogLoad: Game class is '2DSideScrollerGameMode_C'
[2018.10.19-13.40.06:029][768]LogWorld: Bringing World /Game/2DSideScrollerBP/Maps/UEDPIE_0_2DSideScrollerExampleMap.2DSideScrollerExampleMap up for play (max tick rate 0) at 2018.10.19-14.40.06
[2018.10.19-13.40.06:030][768]LogWorld: Bringing up level for play took: 0.001912
[2018.10.19-13.40.06:042][768]PIE: Play in editor start time for /Game/2DSideScrollerBP/Maps/UEDPIE_0_2DSideScrollerExampleMap -0,716
[2018.10.19-13.40.06:042][768]LogBlueprintUserMessages: Late PlayInEditor Detection: Level '/Game/2DSideScrollerBP/Maps/2DSideScrollerExampleMap.2DSideScrollerExampleMap:PersistentLevel' has LevelScriptBlueprint '/Game/2DSideScrollerBP/Maps/2DSideScrollerExampleMap.2DSideScrollerExampleMap:PersistentLevel.2DSideScrollerExampleMap' with GeneratedClass '/Game/2DSideScrollerBP/Maps/2DSideScrollerExampleMap.2DSideScrollerExampleMap_C' with ClassGeneratedBy '/Game/2DSideScrollerBP/Maps/2DSideScrollerExampleMap.2DSideScrollerExampleMap:PersistentLevel.2DSideScrollerExampleMap'
[2018.10.19-13.40.25:960][481]LogBlueprintUserMessages: Early EndPlayMap Detection: Level '/Game/2DSideScrollerBP/Maps/2DSideScrollerExampleMap.2DSideScrollerExampleMap:PersistentLevel' has LevelScriptBlueprint '/Game/2DSideScrollerBP/Maps/2DSideScrollerExampleMap.2DSideScrollerExampleMap:PersistentLevel.2DSideScrollerExampleMap' with GeneratedClass '/Game/2DSideScrollerBP/Maps/2DSideScrollerExampleMap.2DSideScrollerExampleMap_C' with ClassGeneratedBy '/Game/2DSideScrollerBP/Maps/2DSideScrollerExampleMap.2DSideScrollerExampleMap:PersistentLevel.2DSideScrollerExampleMap'
[2018.10.19-13.40.25:961][481]LogSlate: Updating window title bar state: overlay mode, drag disabled, window buttons hidden, title bar hidden
[2018.10.19-13.40.26:009][481]LogPlayLevel: Display: Shutting down PIE online subsystems
[2018.10.19-13.40.26:009][481]LogBlueprintUserMessages: Late EndPlayMap Detection: Level '/Game/2DSideScrollerBP/Maps/2DSideScrollerExampleMap.2DSideScrollerExampleMap:PersistentLevel' has LevelScriptBlueprint '/Game/2DSideScrollerBP/Maps/2DSideScrollerExampleMap.2DSideScrollerExampleMap:PersistentLevel.2DSideScrollerExampleMap' with GeneratedClass '/Game/2DSideScrollerBP/Maps/2DSideScrollerExampleMap.2DSideScrollerExampleMap_C' with ClassGeneratedBy '/Game/2DSideScrollerBP/Maps/2DSideScrollerExampleMap.2DSideScrollerExampleMap:PersistentLevel.2DSideScrollerExampleMap'
[2018.10.19-13.40.26:039][481]LogSlate: Updating window title bar state: overlay mode, drag disabled, window buttons hidden, title bar hidden
[2018.10.19-13.40.26:069][482]LogPlayLevel: Display: Destroying online subsystem :Context_10
[2018.10.19-13.40.26:847][549]LogSlate: FSceneViewport::OnFocusLost() reason 0
[2018.10.19-13.40.59:126][ 35]LogTemp: Repeating last play command: Selected Viewport
[2018.10.19-13.40.59:137][ 35]LogBlueprintUserMessages: Early PlayInEditor Detection: Level '/Game/2DSideScrollerBP/Maps/2DSideScrollerExampleMap.2DSideScrollerExampleMap:PersistentLevel' has LevelScriptBlueprint '/Game/2DSideScrollerBP/Maps/2DSideScrollerExampleMap.2DSideScrollerExampleMap:PersistentLevel.2DSideScrollerExampleMap' with GeneratedClass '/Game/2DSideScrollerBP/Maps/2DSideScrollerExampleMap.2DSideScrollerExampleMap_C' with ClassGeneratedBy '/Game/2DSideScrollerBP/Maps/2DSideScrollerExampleMap.2DSideScrollerExampleMap:PersistentLevel.2DSideScrollerExampleMap'
[2018.10.19-13.40.59:137][ 35]LogPlayLevel: PlayLevel: No blueprints needed recompiling
[2018.10.19-13.40.59:138][ 35]PIE: New page: PIE session: 2DSideScrollerExampleMap (19 oct. 2018 15:40:59)
[2018.10.19-13.40.59:138][ 35]LogPlayLevel: Creating play world package: /Game/2DSideScrollerBP/Maps/UEDPIE_0_2DSideScrollerExampleMap
[2018.10.19-13.40.59:142][ 35]LogPlayLevel: PIE: StaticDuplicateObject took: (0.003808s)
[2018.10.19-13.40.59:142][ 35]LogAIModule: Creating AISystem for world 2DSideScrollerExampleMap
[2018.10.19-13.40.59:142][ 35]LogPlayLevel: PIE: World Init took: (0.000747s)
[2018.10.19-13.40.59:142][ 35]LogPlayLevel: PIE: Created PIE world by copying editor world from /Game/2DSideScrollerBP/Maps/2DSideScrollerExampleMap.2DSideScrollerExampleMap to /Game/2DSideScrollerBP/Maps/UEDPIE_0_2DSideScrollerExampleMap.2DSideScrollerExampleMap (0.004695s)
[2018.10.19-13.40.59:179][ 35]LogInit: XAudio2 using 'Haut-parleurs (Périphérique High Definition Audio)' : 2 channels at 48 kHz using 32 bits per sample (channel mask 0x3)
[2018.10.19-13.40.59:186][ 35]LogInit: FAudioDevice initialized.
[2018.10.19-13.40.59:219][ 35]LogLoad: Game class is '2DSideScrollerGameMode_C'
[2018.10.19-13.40.59:221][ 35]LogWorld: Bringing World /Game/2DSideScrollerBP/Maps/UEDPIE_0_2DSideScrollerExampleMap.2DSideScrollerExampleMap up for play (max tick rate 0) at 2018.10.19-14.40.59
[2018.10.19-13.40.59:221][ 35]LogWorld: Bringing up level for play took: 0.001937
[2018.10.19-13.40.59:233][ 35]PIE: Play in editor start time for /Game/2DSideScrollerBP/Maps/UEDPIE_0_2DSideScrollerExampleMap 0,475
[2018.10.19-13.40.59:233][ 35]LogBlueprintUserMessages: Late PlayInEditor Detection: Level '/Game/2DSideScrollerBP/Maps/2DSideScrollerExampleMap.2DSideScrollerExampleMap:PersistentLevel' has LevelScriptBlueprint '/Game/2DSideScrollerBP/Maps/2DSideScrollerExampleMap.2DSideScrollerExampleMap:PersistentLevel.2DSideScrollerExampleMap' with GeneratedClass '/Game/2DSideScrollerBP/Maps/2DSideScrollerExampleMap.2DSideScrollerExampleMap_C' with ClassGeneratedBy '/Game/2DSideScrollerBP/Maps/2DSideScrollerExampleMap.2DSideScrollerExampleMap:PersistentLevel.2DSideScrollerExampleMap'
[2018.10.19-13.41.06:767][570]LogBlueprintUserMessages: Early EndPlayMap Detection: Level '/Game/2DSideScrollerBP/Maps/2DSideScrollerExampleMap.2DSideScrollerExampleMap:PersistentLevel' has LevelScriptBlueprint '/Game/2DSideScrollerBP/Maps/2DSideScrollerExampleMap.2DSideScrollerExampleMap:PersistentLevel.2DSideScrollerExampleMap' with GeneratedClass '/Game/2DSideScrollerBP/Maps/2DSideScrollerExampleMap.2DSideScrollerExampleMap_C' with ClassGeneratedBy '/Game/2DSideScrollerBP/Maps/2DSideScrollerExampleMap.2DSideScrollerExampleMap:PersistentLevel.2DSideScrollerExampleMap'
[2018.10.19-13.41.06:767][570]LogSlate: Updating window title bar state: overlay mode, drag disabled, window buttons hidden, title bar hidden
[2018.10.19-13.41.06:804][570]LogPlayLevel: Display: Shutting down PIE online subsystems
[2018.10.19-13.41.06:805][570]LogBlueprintUserMessages: Late EndPlayMap Detection: Level '/Game/2DSideScrollerBP/Maps/2DSideScrollerExampleMap.2DSideScrollerExampleMap:PersistentLevel' has LevelScriptBlueprint '/Game/2DSideScrollerBP/Maps/2DSideScrollerExampleMap.2DSideScrollerExampleMap:PersistentLevel.2DSideScrollerExampleMap' with GeneratedClass '/Game/2DSideScrollerBP/Maps/2DSideScrollerExampleMap.2DSideScrollerExampleMap_C' with ClassGeneratedBy '/Game/2DSideScrollerBP/Maps/2DSideScrollerExampleMap.2DSideScrollerExampleMap:PersistentLevel.2DSideScrollerExampleMap'
[2018.10.19-13.41.06:838][570]LogSlate: Updating window title bar state: overlay mode, drag disabled, window buttons hidden, title bar hidden
[2018.10.19-13.41.06:873][572]LogPlayLevel: Display: Destroying online subsystem :Context_11
[2018.10.19-13.41.15:465][ 79]LogSlate: FSceneViewport::OnFocusLost() reason 2
[2018.10.19-13.41.15:676][ 79]LogSavePackage: Moving 'C:/Users/Ucef/Documents/Unreal Projects/Ninja/Saved/2DSideScrollerExampleMapD9E20F60424E1D6F09EC7DA91684F1F4.tmp' to 'C:/Users/Ucef/Documents/Unreal Projects/Ninja/Content/2DSideScrollerBP/Maps/2DSideScrollerExampleMap.umap'
[2018.10.19-13.41.15:688][ 79]LogSavePackage: Moving 'C:/Users/Ucef/Documents/Unreal Projects/Ninja/Saved/2DSideScrollerExampleMap_BuiltDa8A18ABBE4BDC8F7D0657A594D994941B.tmp' to 'C:/Users/Ucef/Documents/Unreal Projects/Ninja/Content/2DSideScrollerBP/Maps/2DSideScrollerExampleMap_BuiltData.uasset'
[2018.10.19-13.41.20:844][430]LogSavePackage: Moving 'C:/Users/Ucef/Documents/Unreal Projects/Ninja/Saved/2DSideScrollerGameMode6B8860724D560675B1BE6C960FCA8F85.tmp' to 'C:/Users/Ucef/Documents/Unreal Projects/Ninja/Content/2DSideScrollerBP/Blueprints/2DSideScrollerGameMode.uasset'
